36.0 APEX_CODE,DEBUG;APEX_PROFILING,INFO;CALLOUT,INFO;DB,INFO;SYSTEM,DEBUG;VALIDATION,INFO;VISUALFORCE,INFO;WAVE,INFO;WORKFLOW,INFO
01:42:20.0 (403582)|USER_INFO|[EXTERNAL]|0057F000000eAW7|adamliu1984@outlook.com|Australian Eastern Standard Time|GMT+11:00
01:42:20.0 (447343)|EXECUTION_STARTED
01:42:20.0 (451809)|CODE_UNIT_STARTED|[EXTERNAL]|01p7F00000DySMs|testSendEmailFromMailgun.testSendEmailFail
01:42:20.0 (6316551)|CODE_UNIT_STARTED|[EXTERNAL]|01p7F00000DyC93|sendEmailFromMailgun.sendEmailResponse
01:42:20.0 (6426250)|USER_DEBUG|[18]|DEBUG|*** Email Logic Start Point ***
01:42:20.0 (6979100)|CALLOUT_REQUEST|[63]|System.HttpRequest[Endpoint=https://api.mailgun.net/v3/sandboxfe5d4b40190f464088dc78f187e41889.mailgun.org/messages?from=NoReply<Help@Help.com>&to=adamliu2008@gmail.com&subject=Email+Subject&html=Email+Content, Method=POST]
01:42:20.0 (7133840)|CALLOUT_RESPONSE|[63]|System.HttpResponse[Status=Server Errors, StatusCode=500]
01:42:20.7 (7172624)|CUMULATIVE_LIMIT_USAGE
01:42:20.7 (7172624)|LIMIT_USAGE_FOR_NS|(default)|
  Number of SOQL queries: 0 out of 200
  Number of query rows: 0 out of 50000
  Number of SOSL queries: 0 out of 20
  Number of DML statements: 0 out of 150
  Number of DML rows: 0 out of 10000
  Maximum CPU time: 0 out of 60000
  Maximum heap size: 0 out of 12000000
  Number of callouts: 1 out of 100
  Number of Email Invocations: 0 out of 10
  Number of future calls: 0 out of 50
  Number of queueable jobs added to the queue: 0 out of 1
  Number of Mobile Apex push calls: 0 out of 10

01:42:20.7 (7172624)|CUMULATIVE_LIMIT_USAGE_END

01:42:20.0 (7204934)|CODE_UNIT_FINISHED|sendEmailFromMailgun.sendEmailResponse
01:42:20.7 (7931960)|CUMULATIVE_LIMIT_USAGE
01:42:20.7 (7931960)|LIMIT_USAGE_FOR_NS|(default)|
  Number of SOQL queries: 0 out of 100
  Number of query rows: 0 out of 50000
  Number of SOSL queries: 0 out of 20
  Number of DML statements: 0 out of 150
  Number of DML rows: 0 out of 10000
  Maximum CPU time: 0 out of 10000
  Maximum heap size: 0 out of 6000000
  Number of callouts: 0 out of 100
  Number of Email Invocations: 0 out of 10
  Number of future calls: 0 out of 50
  Number of queueable jobs added to the queue: 0 out of 50
  Number of Mobile Apex push calls: 0 out of 10

01:42:20.7 (7931960)|TESTING_LIMITS
01:42:20.7 (7931960)|LIMIT_USAGE_FOR_NS|(default)|
  Number of SOQL queries: 0 out of 100
  Number of query rows: 0 out of 50000
  Number of SOSL queries: 0 out of 20
  Number of DML statements: 0 out of 150
  Number of DML rows: 0 out of 10000
  Maximum CPU time: 0 out of 10000
  Maximum heap size: 0 out of 6000000
  Number of callouts: 0 out of 100
  Number of Email Invocations: 0 out of 10
  Number of future calls: 1 out of 50
  Number of queueable jobs added to the queue: 0 out of 50
  Number of Mobile Apex push calls: 0 out of 10

01:42:20.7 (7931960)|CUMULATIVE_LIMIT_USAGE_END

01:42:20.0 (7959179)|CODE_UNIT_FINISHED|testSendEmailFromMailgun.testSendEmailFail
01:42:20.0 (8722745)|EXECUTION_FINISHED
01:42:20.30 (30338671)|USER_INFO|[EXTERNAL]|0057F000000eAW7|adamliu1984@outlook.com|Australian Eastern Standard Time|GMT+11:00
01:42:20.30 (30356884)|EXECUTION_STARTED
01:42:20.30 (30360337)|CODE_UNIT_STARTED|[EXTERNAL]|01p7F00000DySMs|testSendEmailFromMailgun.testSendEmailSuccess
01:42:20.30 (34384812)|CODE_UNIT_STARTED|[EXTERNAL]|01p7F00000DyC93|sendEmailFromMailgun.sendEmailResponse
01:42:20.30 (34465187)|USER_DEBUG|[18]|DEBUG|*** Email Logic Start Point ***
01:42:20.30 (34811015)|CALLOUT_REQUEST|[63]|System.HttpRequest[Endpoint=https://api.mailgun.net/v3/sandboxfe5d4b40190f464088dc78f187e41889.mailgun.org/messages?from=NoReply<Help@Help.com>&to=adamliu2008@gmail.com&subject=Email+Subject&html=Email+Content, Method=POST]
01:42:20.30 (34967566)|CALLOUT_RESPONSE|[63]|System.HttpResponse[Status=OK, StatusCode=200]
01:42:20.30 (35004603)|USER_DEBUG|[66]|DEBUG|*** Email sent ***
01:42:20.35 (35024865)|CUMULATIVE_LIMIT_USAGE
01:42:20.35 (35024865)|LIMIT_USAGE_FOR_NS|(default)|
  Number of SOQL queries: 0 out of 200
  Number of query rows: 0 out of 50000
  Number of SOSL queries: 0 out of 20
  Number of DML statements: 0 out of 150
  Number of DML rows: 0 out of 10000
  Maximum CPU time: 0 out of 60000
  Maximum heap size: 0 out of 12000000
  Number of callouts: 1 out of 100
  Number of Email Invocations: 0 out of 10
  Number of future calls: 0 out of 50
  Number of queueable jobs added to the queue: 0 out of 1
  Number of Mobile Apex push calls: 0 out of 10

01:42:20.35 (35024865)|CUMULATIVE_LIMIT_USAGE_END

01:42:20.30 (35052188)|CODE_UNIT_FINISHED|sendEmailFromMailgun.sendEmailResponse
01:42:20.35 (35768225)|CUMULATIVE_LIMIT_USAGE
01:42:20.35 (35768225)|LIMIT_USAGE_FOR_NS|(default)|
  Number of SOQL queries: 0 out of 100
  Number of query rows: 0 out of 50000
  Number of SOSL queries: 0 out of 20
  Number of DML statements: 0 out of 150
  Number of DML rows: 0 out of 10000
  Maximum CPU time: 0 out of 10000
  Maximum heap size: 0 out of 6000000
  Number of callouts: 0 out of 100
  Number of Email Invocations: 0 out of 10
  Number of future calls: 0 out of 50
  Number of queueable jobs added to the queue: 0 out of 50
  Number of Mobile Apex push calls: 0 out of 10

01:42:20.35 (35768225)|TESTING_LIMITS
01:42:20.35 (35768225)|LIMIT_USAGE_FOR_NS|(default)|
  Number of SOQL queries: 0 out of 100
  Number of query rows: 0 out of 50000
  Number of SOSL queries: 0 out of 20
  Number of DML statements: 0 out of 150
  Number of DML rows: 0 out of 10000
  Maximum CPU time: 0 out of 10000
  Maximum heap size: 0 out of 6000000
  Number of callouts: 0 out of 100
  Number of Email Invocations: 0 out of 10
  Number of future calls: 1 out of 50
  Number of queueable jobs added to the queue: 0 out of 50
  Number of Mobile Apex push calls: 0 out of 10

01:42:20.35 (35768225)|CUMULATIVE_LIMIT_USAGE_END

01:42:20.30 (35794339)|CODE_UNIT_FINISHED|testSendEmailFromMailgun.testSendEmailSuccess
01:42:20.30 (36511969)|EXECUTION_FINISHED
