36.0 APEX_CODE,DEBUG;APEX_PROFILING,INFO;CALLOUT,INFO;DB,INFO;SYSTEM,DEBUG;VALIDATION,INFO;VISUALFORCE,DEBUG;WAVE,INFO;WORKFLOW,INFO
01:31:54.0 (523858)|USER_INFO|[EXTERNAL]|0057F000000eAW7|adamliu1984@outlook.com|Australian Eastern Standard Time|GMT+11:00
01:31:54.0 (578504)|EXECUTION_STARTED
01:31:54.0 (585644)|CODE_UNIT_STARTED|[EXTERNAL]|01p7F00000DyTiY|testEmail2AccountTrigger.testAccountEmail
01:31:54.1 (1131506)|CUMULATIVE_LIMIT_USAGE
01:31:54.1 (1131506)|LIMIT_USAGE_FOR_NS|(default)|
  Number of SOQL queries: 0 out of 100
  Number of query rows: 0 out of 50000
  Number of SOSL queries: 0 out of 20
  Number of DML statements: 0 out of 150
  Number of DML rows: 0 out of 10000
  Maximum CPU time: 0 out of 10000
  Maximum heap size: 0 out of 6000000
  Number of callouts: 0 out of 100
  Number of Email Invocations: 0 out of 10
  Number of future calls: 0 out of 50
  Number of queueable jobs added to the queue: 0 out of 50
  Number of Mobile Apex push calls: 0 out of 10

01:31:54.1 (1131506)|CUMULATIVE_LIMIT_USAGE_END

01:31:54.0 (1175171)|CODE_UNIT_FINISHED|testEmail2AccountTrigger.testAccountEmail
01:31:54.0 (2139948)|EXECUTION_FINISHED
01:31:54.163 (163442289)|USER_INFO|[EXTERNAL]|0057F000000eAW7|adamliu1984@outlook.com|Australian Eastern Standard Time|GMT+11:00
01:31:54.163 (163464492)|EXECUTION_STARTED
01:31:54.163 (163469131)|CODE_UNIT_STARTED|[EXTERNAL]|01p7F00000DyTiY|testEmail2AccountTrigger.testAccountUpdate
01:31:54.163 (164155561)|DML_BEGIN|[11]|Op:Insert|Type:Account|Rows:1
01:31:54.163 (217174431)|CODE_UNIT_STARTED|[EXTERNAL]|TerritoryRealign
01:31:54.163 (217280658)|CODE_UNIT_FINISHED|TerritoryRealign
01:31:54.163 (219654644)|CODE_UNIT_STARTED|[EXTERNAL]|01q7F000000aczh|email2Account on Account trigger event AfterInsert for [0017F00000MNUyg]
01:31:54.163 (222102283)|SOQL_EXECUTE_BEGIN|[4]|Aggregations:0|SELECT Id, Name, Email_Address__c, Email_status__c FROM Account WHERE Id IN :tmpVar1
01:31:54.163 (225313938)|SOQL_EXECUTE_END|[4]|Rows:1
01:31:54.163 (225636077)|SOQL_EXECUTE_BEGIN|[5]|Aggregations:0|SELECT Account_Name__c FROM selectAccount__c
01:31:54.163 (228782317)|SOQL_EXECUTE_END|[5]|Rows:2
01:31:54.163 (229067984)|SOQL_EXECUTE_BEGIN|[8]|Aggregations:0|SELECT Body, Subject, HtmlValue FROM EmailTemplate WHERE name = 'EmailTemplate' LIMIT 1
01:31:54.163 (606568300)|SOQL_EXECUTE_END|[8]|Rows:1
01:31:54.607 (607554296)|CUMULATIVE_LIMIT_USAGE
01:31:54.607 (607554296)|LIMIT_USAGE_FOR_NS|(default)|
  Number of SOQL queries: 3 out of 100
  Number of query rows: 4 out of 50000
  Number of SOSL queries: 0 out of 20
  Number of DML statements: 1 out of 150
  Number of DML rows: 1 out of 10000
  Maximum CPU time: 0 out of 10000
  Maximum heap size: 0 out of 6000000
  Number of callouts: 0 out of 100
  Number of Email Invocations: 0 out of 10
  Number of future calls: 1 out of 50
  Number of queueable jobs added to the queue: 0 out of 50
  Number of Mobile Apex push calls: 0 out of 10

01:31:54.607 (607554296)|CUMULATIVE_LIMIT_USAGE_END

01:31:54.163 (608383170)|CODE_UNIT_FINISHED|email2Account on Account trigger event AfterInsert for [0017F00000MNUyg]
01:31:54.163 (618025300)|DML_END|[11]
01:31:54.163 (618146990)|USER_DEBUG|[12]|DEBUG|----->>> ADDING ACCOUNT: Account:{Name=adamliu84, Id=0017F00000MNUygQAH}
01:31:54.163 (618351779)|SOQL_EXECUTE_BEGIN|[15]|Aggregations:0|SELECT Account_Name__c FROM selectAccount__c WHERE Account_Name__c = :tmpVar1
01:31:54.163 (629048876)|SOQL_EXECUTE_END|[15]|Rows:1
01:31:54.163 (629228708)|USER_DEBUG|[17]|DEBUG|-------------++++++++++++++++++--------------(selectAccount__c:{Account_Name__c=adamliu84, Id=a037F000008ygWXQAY})
01:31:54.163 (629514348)|SOQL_EXECUTE_BEGIN|[23]|Aggregations:0|SELECT Body, Subject, HtmlValue FROM EmailTemplate WHERE name = 'EmailTemplate' LIMIT 1
01:31:54.163 (637629521)|SOQL_EXECUTE_END|[23]|Rows:1
01:31:54.637 (637779400)|CUMULATIVE_LIMIT_USAGE
01:31:54.637 (637779400)|LIMIT_USAGE_FOR_NS|(default)|
  Number of SOQL queries: 5 out of 100
  Number of query rows: 6 out of 50000
  Number of SOSL queries: 0 out of 20
  Number of DML statements: 1 out of 150
  Number of DML rows: 1 out of 10000
  Maximum CPU time: 0 out of 10000
  Maximum heap size: 0 out of 6000000
  Number of callouts: 0 out of 100
  Number of Email Invocations: 0 out of 10
  Number of future calls: 1 out of 50
  Number of queueable jobs added to the queue: 0 out of 50
  Number of Mobile Apex push calls: 0 out of 10

01:31:54.637 (637779400)|CUMULATIVE_LIMIT_USAGE_END

01:31:54.163 (637822855)|CODE_UNIT_FINISHED|testEmail2AccountTrigger.testAccountUpdate
01:31:54.163 (638582557)|EXECUTION_FINISHED
01:31:54.640 (640185123)|USER_INFO|[EXTERNAL]|0057F000000eAW7|adamliu1984@outlook.com|Australian Eastern Standard Time|GMT+11:00
01:31:54.640 (640205843)|EXECUTION_STARTED
01:31:54.640 (640210280)|CODE_UNIT_STARTED|[EXTERNAL]|01p7F00000DyC93|sendEmailFromMailgun.sendEmailResponse
01:31:54.640 (640358355)|USER_DEBUG|[18]|DEBUG|*** Email Logic Start Point ***
01:31:54.640 (640970413)|EXCEPTION_THROWN|[63]|System.TypeException: Methods defined as TestMethod do not support Web service callouts
01:31:54.640 (641094952)|FATAL_ERROR|System.TypeException: Methods defined as TestMethod do not support Web service callouts

Class.sendEmailFromMailgun.sendEmailResponse: line 63, column 1
01:31:54.640 (641106249)|FATAL_ERROR|System.TypeException: Methods defined as TestMethod do not support Web service callouts

Class.sendEmailFromMailgun.sendEmailResponse: line 63, column 1
01:31:54.641 (641111312)|CUMULATIVE_LIMIT_USAGE
01:31:54.641 (641111312)|LIMIT_USAGE_FOR_NS|(default)|
  Number of SOQL queries: 0 out of 200
  Number of query rows: 0 out of 50000
  Number of SOSL queries: 0 out of 20
  Number of DML statements: 0 out of 150
  Number of DML rows: 0 out of 10000
  Maximum CPU time: 0 out of 60000
  Maximum heap size: 0 out of 12000000
  Number of callouts: 0 out of 100
  Number of Email Invocations: 0 out of 10
  Number of future calls: 0 out of 50
  Number of queueable jobs added to the queue: 0 out of 1
  Number of Mobile Apex push calls: 0 out of 10

01:31:54.641 (641111312)|CUMULATIVE_LIMIT_USAGE_END

01:31:54.640 (641130406)|CODE_UNIT_FINISHED|sendEmailFromMailgun.sendEmailResponse
01:31:54.640 (641785912)|EXECUTION_FINISHED
