36.0 APEX_CODE,DEBUG;APEX_PROFILING,INFO;CALLOUT,INFO;DB,INFO;SYSTEM,DEBUG;VALIDATION,INFO;VISUALFORCE,DEBUG;WAVE,INFO;WORKFLOW,INFO
01:16:33.0 (693044)|USER_INFO|[EXTERNAL]|0057F000000eAW7|adamliu1984@outlook.com|Australian Eastern Standard Time|GMT+11:00
01:16:33.0 (745087)|EXECUTION_STARTED
01:16:33.0 (750288)|CODE_UNIT_STARTED|[EXTERNAL]|01p7F00000DyTiY|testEmail2AccountTrigger.testAccountEmail
01:16:33.1 (1915359)|CUMULATIVE_LIMIT_USAGE
01:16:33.1 (1915359)|LIMIT_USAGE_FOR_NS|(default)|
  Number of SOQL queries: 0 out of 100
  Number of query rows: 0 out of 50000
  Number of SOSL queries: 0 out of 20
  Number of DML statements: 0 out of 150
  Number of DML rows: 0 out of 10000
  Maximum CPU time: 0 out of 10000
  Maximum heap size: 0 out of 6000000
  Number of callouts: 0 out of 100
  Number of Email Invocations: 0 out of 10
  Number of future calls: 0 out of 50
  Number of queueable jobs added to the queue: 0 out of 50
  Number of Mobile Apex push calls: 0 out of 10

01:16:33.1 (1915359)|CUMULATIVE_LIMIT_USAGE_END

01:16:33.0 (1951627)|CODE_UNIT_FINISHED|testEmail2AccountTrigger.testAccountEmail
01:16:33.0 (2790868)|EXECUTION_FINISHED
01:16:33.66 (66802342)|USER_INFO|[EXTERNAL]|0057F000000eAW7|adamliu1984@outlook.com|Australian Eastern Standard Time|GMT+11:00
01:16:33.66 (66822079)|EXECUTION_STARTED
01:16:33.66 (66825747)|CODE_UNIT_STARTED|[EXTERNAL]|01p7F00000DyTiY|testEmail2AccountTrigger.testAccountUpdate
01:16:33.66 (69077128)|DML_BEGIN|[11]|Op:Insert|Type:Account|Rows:1
01:16:33.66 (122419019)|CODE_UNIT_STARTED|[EXTERNAL]|TerritoryRealign
01:16:33.66 (122534109)|CODE_UNIT_FINISHED|TerritoryRealign
01:16:33.66 (127258436)|CODE_UNIT_STARTED|[EXTERNAL]|01q7F000000aczh|email2Account on Account trigger event AfterInsert for [0017F00000MNUuy]
01:16:33.66 (129722949)|SOQL_EXECUTE_BEGIN|[4]|Aggregations:0|SELECT Id, Name, Email_Address__c, Email_status__c FROM Account WHERE Id IN :tmpVar1
01:16:33.66 (133427037)|SOQL_EXECUTE_END|[4]|Rows:1
01:16:33.66 (134614508)|SOQL_EXECUTE_BEGIN|[5]|Aggregations:0|SELECT Account_Name__c FROM selectAccount__c
01:16:33.66 (137151891)|SOQL_EXECUTE_END|[5]|Rows:0
01:16:33.66 (137438010)|SOQL_EXECUTE_BEGIN|[8]|Aggregations:0|SELECT Body, Subject, HtmlValue FROM EmailTemplate WHERE name = 'EmailTemplate' LIMIT 1
01:16:33.66 (162596374)|SOQL_EXECUTE_END|[8]|Rows:1
01:16:33.162 (162890670)|CUMULATIVE_LIMIT_USAGE
01:16:33.162 (162890670)|LIMIT_USAGE_FOR_NS|(default)|
  Number of SOQL queries: 3 out of 100
  Number of query rows: 2 out of 50000
  Number of SOSL queries: 0 out of 20
  Number of DML statements: 1 out of 150
  Number of DML rows: 1 out of 10000
  Maximum CPU time: 0 out of 10000
  Maximum heap size: 0 out of 6000000
  Number of callouts: 0 out of 100
  Number of Email Invocations: 0 out of 10
  Number of future calls: 0 out of 50
  Number of queueable jobs added to the queue: 0 out of 50
  Number of Mobile Apex push calls: 0 out of 10

01:16:33.162 (162890670)|CUMULATIVE_LIMIT_USAGE_END

01:16:33.66 (163691567)|CODE_UNIT_FINISHED|email2Account on Account trigger event AfterInsert for [0017F00000MNUuy]
01:16:33.66 (175777791)|DML_END|[11]
01:16:33.66 (175920230)|USER_DEBUG|[12]|DEBUG|----->>> ADDING ACCOUNT: Account:{Name=adamliu84, Id=0017F00000MNUuyQAH}
01:16:33.66 (176101560)|SOQL_EXECUTE_BEGIN|[15]|Aggregations:0|SELECT Account_Name__c FROM selectAccount__c WHERE Account_Name__c = 'adamliu84'
01:16:33.66 (178238112)|SOQL_EXECUTE_END|[15]|Rows:0
01:16:33.66 (178453163)|USER_DEBUG|[17]|DEBUG|()
01:16:33.66 (178521834)|EXCEPTION_THROWN|[19]|System.AssertException: Assertion Failed
01:16:33.66 (178620871)|FATAL_ERROR|System.AssertException: Assertion Failed

Class.testEmail2AccountTrigger.testAccountUpdate: line 19, column 1
01:16:33.66 (178631543)|FATAL_ERROR|System.AssertException: Assertion Failed

Class.testEmail2AccountTrigger.testAccountUpdate: line 19, column 1
01:16:33.178 (178636282)|CUMULATIVE_LIMIT_USAGE
01:16:33.178 (178636282)|LIMIT_USAGE_FOR_NS|(default)|
  Number of SOQL queries: 4 out of 100
  Number of query rows: 2 out of 50000
  Number of SOSL queries: 0 out of 20
  Number of DML statements: 1 out of 150
  Number of DML rows: 1 out of 10000
  Maximum CPU time: 0 out of 10000
  Maximum heap size: 0 out of 6000000
  Number of callouts: 0 out of 100
  Number of Email Invocations: 0 out of 10
  Number of future calls: 0 out of 50
  Number of queueable jobs added to the queue: 0 out of 50
  Number of Mobile Apex push calls: 0 out of 10

01:16:33.178 (178636282)|CUMULATIVE_LIMIT_USAGE_END

01:16:33.66 (178661989)|CODE_UNIT_FINISHED|testEmail2AccountTrigger.testAccountUpdate
01:16:33.66 (179357625)|EXECUTION_FINISHED
